2024-04-30 23:50:24,456 [ 1] INFO  Unity: LoadingManager start
2024-04-30 23:50:27,658 [ 1] INFO  Unity: DataManager > DataManager()
2024-04-30 23:50:35,506 [ 1] INFO  Unity: UserLoginRequest::user :waha666 psw:123456
2024-04-30 23:50:35,507 [ 1] INFO  Unity: ConnectToServer() Start 
2024-04-30 23:50:35,513 [ 1] INFO  Unity: DoConnect
2024-04-30 23:50:35,516 [ 1] INFO  Unity: NetClient.DoConnect on 127.0.0.1:8000
2024-04-30 23:50:35,521 [ 1] INFO  Unity: Connect[0] to server 127.0.0.1:8000

2024-04-30 23:50:35,530 [ 1] INFO  Unity: LoadingMesager::OnGameServerConnect :0 reason:Success
2024-04-30 23:50:35,645 [ 1] INFO  Unity: OnUserLogin:Success [µ«¬º≥…π¶]
2024-04-30 23:50:35,647 [ 1] INFO  Unity: LoadLevel: charChoose
2024-04-30 23:50:36,195 [ 1] INFO  Unity: LevelLoadCompleted:1
2024-04-30 23:50:36,199 [ 1] INFO  Unity: Select Char:[1]≈£Õ∑»À[Warrior]
2024-04-30 23:50:37,296 [ 1] INFO  Unity: Select Char:[3]∂Ò¡È[Archer]
2024-04-30 23:50:38,158 [ 1] INFO  Unity: UserGameEnterRequest::characterId :2
2024-04-30 23:50:38,196 [ 1] INFO  Unity: OnGameEnter:Success [None]
2024-04-30 23:50:38,198 [ 1] INFO  Unity: OnMapCharacterEnter:Map:1 Count:2
2024-04-30 23:50:38,200 [ 1] INFO  Unity: AddCharacter:3:∂Ò¡È Map:1 Entity:(0:pos:(5000,4000,820),dir:(100,0,0),spd:0
2024-04-30 23:50:38,202 [ 1] INFO  Unity: AddCharacter:3:∂Ò¡È Map:1 Entity:(0:pos:(5000,4000,820),dir:(100,0,0),spd:0
2024-04-30 23:50:38,204 [ 1] INFO  Unity: LoadLevel: MainCity
2024-04-30 23:50:38,601 [ 1] INFO  Unity: LevelLoadCompleted:1
2024-04-30 23:50:38,604 [ 1] FATAL Unity: <log4net.Error>Exception during StringFormat: Input string was not in a correct format. <format>{0
{1}</format><args>{NullReferenceException: Object reference not set to an instance of an object, UIMinimap.InitMap () (at Assets/Scripts/UI/Minimap/UIMinimap.cs:29)
UIMinimap.Start () (at Assets/Scripts/UI/Minimap/UIMinimap.cs:18)
}</args></log4net.Error>
2024-04-30 23:50:47,052 [ 1] INFO  Unity: SetDirection:(98, 19, 0)
2024-04-30 23:50:47,150 [ 1] INFO  Unity: SetDirection:(93, 37, 0)
2024-04-30 23:50:47,250 [ 1] INFO  Unity: SetDirection:(83, 55, 0)
2024-04-30 23:50:47,332 [ 1] INFO  Unity: SetDirection:(72, 69, 0)
2024-04-30 23:50:47,432 [ 1] INFO  Unity: SetDirection:(56, 83, 0)
2024-04-30 23:50:47,531 [ 1] INFO  Unity: SetDirection:(38, 93, 0)
2024-04-30 23:50:47,631 [ 1] INFO  Unity: SetDirection:(18, 98, 0)
2024-04-30 23:50:47,713 [ 1] INFO  Unity: SetDirection:(1, 100, 0)
2024-04-30 23:50:47,796 [ 1] INFO  Unity: SetDirection:(-17, 99, 0)
2024-04-30 23:50:47,896 [ 1] INFO  Unity: SetDirection:(-37, 93, 0)
2024-04-30 23:50:47,995 [ 1] INFO  Unity: SetDirection:(-55, 83, 0)
2024-04-30 23:50:48,078 [ 1] INFO  Unity: SetDirection:(-69, 72, 0)
2024-04-30 23:50:48,177 [ 1] INFO  Unity: SetDirection:(-82, 57, 0)
2024-04-30 23:50:48,293 [ 1] INFO  Unity: SetDirection:(-91, 42, 0)
2024-04-30 23:50:49,122 [ 1] INFO  Unity: SetDirection:(-80, 60, 0)
2024-04-30 23:50:49,221 [ 1] INFO  Unity: SetDirection:(-66, 75, 0)
2024-04-30 23:50:49,320 [ 1] INFO  Unity: SetDirection:(-49, 87, 0)
2024-04-30 23:50:49,420 [ 1] INFO  Unity: SetDirection:(-30, 95, 0)
2024-04-30 23:50:49,519 [ 1] INFO  Unity: SetDirection:(-10, 99, 0)
2024-04-30 23:50:49,553 [ 1] INFO  Unity: MoveForward
2024-04-30 23:50:49,652 [ 1] INFO  Unity: SetDirection:(9, 100, 0)
2024-04-30 23:50:50,547 [ 1] INFO  Unity: SetDirection:(-9, 100, 0)
2024-04-30 23:50:50,646 [ 1] INFO  Unity: SetDirection:(-29, 96, 0)
2024-04-30 23:50:50,746 [ 1] INFO  Unity: SetDirection:(-47, 88, 0)
2024-04-30 23:50:50,911 [ 1] INFO  Unity: SetDirection:(-62, 78, 0)
2024-04-30 23:50:51,656 [ 1] INFO  Unity: SetDirection:(-75, 66, 0)
2024-04-30 23:50:51,773 [ 1] INFO  Unity: SetDirection:(-87, 49, 0)
2024-04-30 23:50:51,855 [ 1] INFO  Unity: SetDirection:(-94, 33, 0)
2024-04-30 23:50:51,955 [ 1] INFO  Unity: SetDirection:(-99, 13, 0)
2024-04-30 23:50:52,038 [ 1] INFO  Unity: SetDirection:(-100, -5, 0)
2024-04-30 23:50:52,138 [ 1] INFO  Unity: SetDirection:(-97, -25, 0)
2024-04-30 23:50:52,237 [ 1] INFO  Unity: SetDirection:(-91, -42, 0)
2024-04-30 23:50:52,784 [ 1] INFO  Unity: SetDirection:(-82, -57, 0)
2024-04-30 23:50:52,950 [ 1] INFO  Unity: SetDirection:(-70, -71, 0)
2024-04-30 23:50:53,048 [ 1] INFO  Unity: SetDirection:(-55, -83, 0)
2024-04-30 23:50:53,148 [ 1] INFO  Unity: SetDirection:(-38, -92, 0)
2024-04-30 23:50:53,495 [ 1] INFO  Unity: Stop
2024-04-30 23:50:53,530 [ 1] INFO  Unity: SetDirection:(-56, -83, 0)
2024-04-30 23:50:53,628 [ 1] INFO  Unity: SetDirection:(-72, -70, 0)
2024-04-30 23:50:53,728 [ 1] INFO  Unity: SetDirection:(-85, -53, 0)
2024-04-30 23:50:53,827 [ 1] INFO  Unity: SetDirection:(-94, -35, 0)
2024-04-30 23:50:53,910 [ 1] INFO  Unity: SetDirection:(-98, -18, 0)
2024-04-30 23:50:53,993 [ 1] INFO  Unity: SetDirection:(-100, 0, 0)
2024-04-30 23:50:54,093 [ 1] INFO  Unity: SetDirection:(-98, 20, 0)
2024-04-30 23:50:54,175 [ 1] INFO  Unity: SetDirection:(-93, 37, 0)
2024-04-30 23:50:54,209 [ 1] INFO  Unity: MoveForward
2024-04-30 23:50:54,258 [ 1] INFO  Unity: SetDirection:(-85, 53, 0)
2024-04-30 23:50:54,326 [ 1] INFO  Unity: SetPosition:(3980, 4677, 804)
2024-04-30 23:50:54,358 [ 1] INFO  Unity: SetDirection:(-74, 67, 0)
2024-04-30 23:50:54,540 [ 1] INFO  Unity: SetDirection:(-61, 79, 0)
2024-04-30 23:50:55,369 [ 1] INFO  Unity: SetDirection:(-76, 65, 0)
2024-04-30 23:50:55,484 [ 1] INFO  Unity: SetDirection:(-87, 49, 0)
2024-04-30 23:50:55,583 [ 1] INFO  Unity: SetDirection:(-95, 30, 0)
2024-04-30 23:50:55,683 [ 1] INFO  Unity: SetDirection:(-100, 10, 0)
2024-04-30 23:50:55,766 [ 1] INFO  Unity: SetDirection:(-100, -8, 0)
2024-04-30 23:50:55,865 [ 1] INFO  Unity: SetDirection:(-96, -28, 0)
2024-04-30 23:50:55,947 [ 1] INFO  Unity: SetDirection:(-90, -45, 0)
2024-04-30 23:50:56,047 [ 1] INFO  Unity: SetDirection:(-78, -62, 0)
2024-04-30 23:50:56,147 [ 1] INFO  Unity: SetDirection:(-64, -77, 0)
2024-04-30 23:50:56,246 [ 1] INFO  Unity: SetDirection:(-49, -87, 0)
2024-04-30 23:50:56,428 [ 1] INFO  Unity: SetDirection:(-33, -95, 0)
2024-04-30 23:50:57,737 [ 1] INFO  Unity: SetDirection:(-14, -99, 0)
2024-04-30 23:50:57,869 [ 1] INFO  Unity: SetDirection:(4, -100, 0)
2024-04-30 23:50:58,731 [ 1] INFO  Unity: SetPosition:(3014, 3846, 804)
2024-04-30 23:50:59,428 [ 1] INFO  Unity: SetDirection:(22, -97, 0)
2024-04-30 23:50:59,544 [ 1] INFO  Unity: SetDirection:(40, -91, 0)
2024-04-30 23:50:59,642 [ 1] INFO  Unity: SetDirection:(56, -83, 0)
2024-04-30 23:50:59,741 [ 1] INFO  Unity: SetDirection:(72, -70, 0)
2024-04-30 23:50:59,824 [ 1] INFO  Unity: SetDirection:(83, -56, 0)
2024-04-30 23:50:59,941 [ 1] INFO  Unity: SetDirection:(92, -39, 0)
2024-04-30 23:51:00,456 [ 1] INFO  Unity: Stop
2024-04-30 23:51:00,604 [ 1] INFO  Unity: SetDirection:(83, -56, 0)
2024-04-30 23:51:00,702 [ 1] INFO  Unity: SetDirection:(70, -72, 0)
2024-04-30 23:51:00,786 [ 1] INFO  Unity: SetDirection:(56, -83, 0)
2024-04-30 23:51:00,852 [ 1] INFO  Unity: MoveForward
2024-04-30 23:51:00,884 [ 1] INFO  Unity: SetDirection:(38, -93, 0)
2024-04-30 23:51:01,001 [ 1] INFO  Unity: SetDirection:(20, -98, 0)
2024-04-30 23:51:02,408 [ 1] INFO  Unity: SetDirection:(1, -100, 0)
2024-04-30 23:51:02,542 [ 1] INFO  Unity: SetDirection:(-17, -99, 0)
2024-04-30 23:51:02,641 [ 1] INFO  Unity: SetDirection:(-37, -93, 0)
2024-04-30 23:51:02,740 [ 1] INFO  Unity: SetDirection:(-53, -85, 0)
2024-04-30 23:51:02,825 [ 1] INFO  Unity: SetPosition:(3522, 2239, 803)
2024-04-30 23:51:02,923 [ 1] INFO  Unity: SetDirection:(-67, -74, 0)
2024-04-30 23:51:03,453 [ 1] INFO  Unity: SetDirection:(-51, -86, 0)
2024-04-30 23:51:03,552 [ 1] INFO  Unity: SetDirection:(-34, -94, 0)
2024-04-30 23:51:03,687 [ 1] INFO  Unity: SetDirection:(-15, -99, 0)
2024-04-30 23:51:03,867 [ 1] INFO  Unity: Stop
2024-04-30 23:51:03,983 [ 1] INFO  Unity: SetDirection:(3, -100, 0)
2024-04-30 23:51:04,099 [ 1] INFO  Unity: SetDirection:(21, -98, 0)
2024-04-30 23:51:04,199 [ 1] INFO  Unity: SetDirection:(41, -91, 0)
2024-04-30 23:51:04,297 [ 1] INFO  Unity: SetDirection:(57, -82, 0)
2024-04-30 23:51:04,447 [ 1] INFO  Unity: SetDirection:(71, -71, 0)
2024-04-30 23:51:05,026 [ 1] INFO  Unity: MoveForward
2024-04-30 23:51:05,060 [ 1] INFO  Unity: SetDirection:(56, -83, 0)
2024-04-30 23:51:05,159 [ 1] INFO  Unity: SetDirection:(38, -92, 0)
2024-04-30 23:51:05,193 [ 1] INFO  Unity: SetPosition:(3275, 1800, 803)
2024-04-30 23:51:05,275 [ 1] INFO  Unity: SetDirection:(19, -98, 0)
2024-04-30 23:51:05,292 [ 1] INFO  Unity: SetPosition:(3275, 1800, 803)
2024-04-30 23:51:05,409 [ 1] INFO  Unity: SetPosition:(3275, 1800, 803)
2024-04-30 23:51:05,524 [ 1] INFO  Unity: SetPosition:(3275, 1800, 803)
2024-04-30 23:51:05,540 [ 1] INFO  Unity: SetDirection:(2, -100, 0)
2024-04-30 23:51:05,640 [ 1] INFO  Unity: SetPosition:(3275, 1800, 803)
2024-04-30 23:51:05,707 [ 1] INFO  Unity: SetDirection:(-17, -99, 0)
2024-04-30 23:51:05,773 [ 1] INFO  Unity: SetPosition:(3275, 1800, 803)
2024-04-30 23:51:05,889 [ 1] INFO  Unity: SetPosition:(3275, 1800, 803)
2024-04-30 23:51:05,988 [ 1] INFO  Unity: SetDirection:(-34, -94, 0)
2024-04-30 23:51:06,006 [ 1] INFO  Unity: SetPosition:(3274, 1799, 803)
2024-04-30 23:51:06,617 [ 1] INFO  Unity: SetPosition:(3177, 1551, 804)
2024-04-30 23:51:06,750 [ 1] INFO  Unity: SetDirection:(-15, -99, 0)
2024-04-30 23:51:06,949 [ 1] INFO  Unity: SetDirection:(3, -100, 0)
2024-04-30 23:51:07,281 [ 1] INFO  Unity: SetPosition:(3142, 1272, 836)
2024-04-30 23:51:07,396 [ 1] INFO  Unity: SetPosition:(3142, 1272, 836)
2024-04-30 23:51:07,461 [ 1] INFO  Unity: Stop
2024-04-30 23:51:07,677 [ 1] INFO  Unity: MoveBack
2024-04-30 23:51:07,877 [ 1] INFO  Unity: SetPosition:(3139, 1370, 807)
2024-04-30 23:51:08,556 [ 1] INFO  Unity: SetDirection:(21, -98, 0)
2024-04-30 23:51:08,721 [ 1] INFO  Unity: SetDirection:(38, -92, 0)
2024-04-30 23:51:08,820 [ 1] INFO  Unity: SetDirection:(55, -83, 0)
2024-04-30 23:51:08,920 [ 1] INFO  Unity: SetDirection:(71, -70, 0)
2024-04-30 23:51:08,985 [ 1] INFO  Unity: Stop
2024-04-30 23:51:09,003 [ 1] INFO  Unity: MoveForward
2024-04-30 23:51:09,004 [ 1] INFO  Unity: SetDirection:(82, -57, 0)
2024-04-30 23:51:09,085 [ 1] INFO  Unity: SetDirection:(91, -42, 0)
2024-04-30 23:51:09,168 [ 1] INFO  Unity: SetDirection:(97, -25, 0)
2024-04-30 23:51:09,267 [ 1] INFO  Unity: SetDirection:(100, -4, 0)
2024-04-30 23:51:09,367 [ 1] INFO  Unity: SetDirection:(99, 16, 0)
2024-04-30 23:51:09,450 [ 1] INFO  Unity: SetDirection:(94, 33, 0)
2024-04-30 23:51:09,549 [ 1] INFO  Unity: SetDirection:(86, 51, 0)
2024-04-30 23:51:09,715 [ 1] INFO  Unity: SetDirection:(75, 66, 0)
2024-04-30 23:51:10,063 [ 1] INFO  Unity: SetDirection:(85, 52, 0)
2024-04-30 23:51:10,261 [ 1] INFO  Unity: SetDirection:(93, 36, 0)
2024-04-30 23:51:11,371 [ 1] INFO  Unity: SetDirection:(85, 52, 0)
2024-04-30 23:51:11,471 [ 1] INFO  Unity: SetDirection:(74, 67, 0)
2024-04-30 23:51:11,587 [ 1] INFO  Unity: SetDirection:(60, 80, 0)
2024-04-30 23:51:11,835 [ 1] INFO  Unity: SetDirection:(73, 68, 0)
2024-04-30 23:51:12,316 [ 1] INFO  Unity: SetDirection:(84, 54, 0)
2024-04-30 23:51:12,481 [ 1] INFO  Unity: SetDirection:(93, 37, 0)
2024-04-30 23:51:12,614 [ 1] INFO  Unity: SetDirection:(98, 19, 0)
2024-04-30 23:51:12,963 [ 1] INFO  Unity: SetPosition:(4754, 2672, 803)
2024-04-30 23:51:13,956 [ 1] INFO  Unity: Stop
2024-04-30 23:51:14,834 [ 1] INFO  Unity: MoveForward
2024-04-30 23:51:15,282 [ 1] INFO  Unity: SetDirection:(93, 38, 0)
2024-04-30 23:51:15,381 [ 1] INFO  Unity: SetDirection:(83, 56, 0)
2024-04-30 23:51:15,663 [ 1] INFO  Unity: SetPosition:(5613, 2898, 803)
2024-04-30 23:51:15,712 [ 1] INFO  Unity: SetDirection:(92, 40, 0)
2024-04-30 23:51:15,762 [ 1] INFO  Unity: SetPosition:(5613, 2898, 803)
2024-04-30 23:51:15,861 [ 1] INFO  Unity: Stop
2024-04-30 23:51:15,862 [ 1] INFO  Unity: SetPosition:(5613, 2898, 803)
2024-04-30 23:51:16,275 [ 1] INFO  Unity: MoveForward
2024-04-30 23:51:16,376 [ 1] INFO  Unity: SetPosition:(5613, 2898, 803)
2024-04-30 23:51:16,476 [ 1] INFO  Unity: SetPosition:(5613, 2898, 803)
2024-04-30 23:51:16,575 [ 1] INFO  Unity: SetPosition:(5613, 2898, 803)
2024-04-30 23:51:16,674 [ 1] INFO  Unity: SetPosition:(5613, 2898, 803)
2024-04-30 23:51:16,773 [ 1] INFO  Unity: SetPosition:(5613, 2898, 803)
2024-04-30 23:51:16,788 [ 1] INFO  Unity: Stop
2024-04-30 23:51:17,137 [ 1] INFO  Unity: MoveBack
2024-04-30 23:51:17,220 [ 1] INFO  Unity: Stop
2024-04-30 23:51:18,196 [ 1] INFO  Unity: SetDirection:(83, 56, 0)
2024-04-30 23:51:18,231 [ 1] INFO  Unity: MoveForward
2024-04-30 23:51:18,313 [ 1] INFO  Unity: SetDirection:(72, 70, 0)
2024-04-30 23:51:18,397 [ 1] INFO  Unity: SetPosition:(5610, 2905, 803)
2024-04-30 23:51:18,412 [ 1] INFO  Unity: SetDirection:(56, 83, 0)
2024-04-30 23:51:18,496 [ 1] INFO  Unity: SetPosition:(5610, 2905, 803)
2024-04-30 23:51:18,512 [ 1] INFO  Unity: SetDirection:(39, 92, 0)
2024-04-30 23:51:18,596 [ 1] INFO  Unity: SetPosition:(5610, 2905, 803)
2024-04-30 23:51:18,644 [ 1] INFO  Unity: SetDirection:(22, 98, 0)
2024-04-30 23:51:18,711 [ 1] INFO  Unity: Stop
2024-04-30 23:51:19,224 [ 1] INFO  Unity: MoveForward
2024-04-30 23:51:19,258 [ 1] INFO  Unity: SetPosition:(5608, 2930, 803)
2024-04-30 23:51:19,507 [ 1] INFO  Unity: SetPosition:(5609, 3006, 803)
2024-04-30 23:51:19,605 [ 1] INFO  Unity: Stop
2024-04-30 23:51:19,853 [ 1] INFO  Unity: MoveForward
2024-04-30 23:51:20,003 [ 1] INFO  Unity: SetPosition:(5609, 3082, 803)
2024-04-30 23:51:20,269 [ 1] INFO  Unity: SetPosition:(5609, 3158, 803)
2024-04-30 23:51:20,517 [ 1] INFO  Unity: SetPosition:(5609, 3234, 803)
2024-04-30 23:51:20,766 [ 1] INFO  Unity: SetPosition:(5608, 3311, 803)
2024-04-30 23:51:21,014 [ 1] INFO  Unity: SetPosition:(5608, 3387, 803)
2024-04-30 23:51:21,644 [ 1] INFO  Unity: SetPosition:(5662, 3644, 803)
2024-04-30 23:51:21,660 [ 1] INFO  Unity: SetDirection:(3, 100, 0)
2024-04-30 23:51:21,760 [ 1] INFO  Unity: SetPosition:(5659, 3650, 803)
2024-04-30 23:51:21,775 [ 1] INFO  Unity: SetDirection:(-17, 99, 0)
2024-04-30 23:51:21,874 [ 1] INFO  Unity: SetDirection:(-37, 93, 0)
2024-04-30 23:51:21,975 [ 1] INFO  Unity: SetDirection:(-53, 85, 0)
2024-04-30 23:51:22,158 [ 1] INFO  Unity: SetDirection:(-67, 74, 0)
2024-04-30 23:51:23,315 [ 1] INFO  Unity: SetDirection:(-51, 86, 0)
2024-04-30 23:51:23,416 [ 1] INFO  Unity: SetDirection:(-34, 94, 0)
2024-04-30 23:51:23,515 [ 1] INFO  Unity: SetDirection:(-14, 99, 0)
2024-04-30 23:51:23,598 [ 1] INFO  Unity: SetDirection:(4, 100, 0)
2024-04-30 23:51:23,697 [ 1] INFO  Unity: SetDirection:(24, 97, 0)
2024-04-30 23:51:23,830 [ 1] INFO  Unity: SetDirection:(42, 91, 0)
2024-04-30 23:51:24,078 [ 1] INFO  Unity: SetDirection:(25, 97, 0)
2024-04-30 23:51:24,178 [ 1] INFO  Unity: SetDirection:(7, 100, 0)
2024-04-30 23:51:24,277 [ 1] INFO  Unity: SetDirection:(-14, 99, 0)
2024-04-30 23:51:24,393 [ 1] INFO  Unity: SetDirection:(-34, 94, 0)
2024-04-30 23:51:24,492 [ 1] INFO  Unity: SetDirection:(-53, 85, 0)
2024-04-30 23:51:24,906 [ 1] INFO  Unity: SetDirection:(-37, 93, 0)
2024-04-30 23:51:25,254 [ 1] INFO  Unity: SetDirection:(-55, 84, 0)
2024-04-30 23:51:25,353 [ 1] INFO  Unity: SetDirection:(-71, 71, 0)
2024-04-30 23:51:25,437 [ 1] INFO  Unity: SetDirection:(-82, 57, 0)
2024-04-30 23:51:25,536 [ 1] INFO  Unity: SetDirection:(-92, 39, 0)
2024-04-30 23:51:25,619 [ 1] INFO  Unity: SetDirection:(-97, 22, 0)
2024-04-30 23:51:25,718 [ 1] INFO  Unity: SetDirection:(-100, 2, 0)
2024-04-30 23:51:26,017 [ 1] INFO  Unity: Stop
2024-04-30 23:51:26,018 [ 1] INFO  Unity: SetDirection:(-98, 21, 0)
2024-04-30 23:51:26,386 [ 1] INFO  Unity: SetDirection:(-100, 2, 0)
2024-04-30 23:51:26,783 [ 1] INFO  Unity: SetDirection:(-98, 21, 0)
2024-04-30 23:51:26,882 [ 1] INFO  Unity: SetDirection:(-92, 40, 0)
2024-04-30 23:51:27,016 [ 1] INFO  Unity: SetDirection:(-83, 56, 0)
2024-04-30 23:51:27,388 [ 1] INFO  Unity: OnDestroy NetworkManager.
2024-04-30 23:51:27,388 [ 1] WARN  Unity: CloseConnection(), errorCode: 1007
UnityEngine.Debug:LogWarning(Object)
Network.NetClient:CloseConnection(Int32) (at Assets/Scripts/Network/NetClient.cs:180)
Network.NetClient:OnDestroy() (at Assets/Scripts/Network/NetClient.cs:175)

2024-04-30 23:51:27,391 [ 1] INFO  Unity: Character_3_∂Ò¡È OnDestroy :ID:0 POS:(4703, 5271, 803) DIR:(-83, 56, 0) SPD:0 
